<?xml version="1.0" encoding="UTF-8"?>
<!-- Generated by org.testng.reporters.JUnitXMLReporter -->
<testsuite ignored="0" hostname="KOUSTUBH" failures="0" tests="14" name="Default test" time="3.391" errors="0" timestamp="2022-04-12T12:10:02 IST">
  <testcase classname="Annotations.ParamWithExcel" name="testCase1" time="0.042"/>
  <testcase classname="Annotations.ParamWithExcel" name="testCase1" time="0.019"/>
  <testcase classname="Annotations.ParamWithExcel" name="testCase1" time="0.052"/>
  <testcase classname="Annotations.ParamWithExcel" name="testCase1" time="0.019"/>
  <testcase classname="Annotations.ParamWithExcel" name="testCase1" time="0.031"/>
  <testcase classname="Annotations.ParamWithExcel" name="testCase1" time="0.032"/>
  <testcase classname="Annotations.ParamWithExcel" name="testCase1" time="0.025"/>
  <testcase classname="Annotations.ParamWithExcel" name="testCase1" time="0.012"/>
  <testcase classname="Annotations.ParamWithExcel" name="testCase1" time="0.021"/>
  <testcase classname="Annotations.ParamWithExcel" name="testCase1" time="0.01"/>
  <testcase classname="Annotations.ParamWithExcel" name="testCase1" time="0.023"/>
  <testcase classname="Annotations.ParamWithExcel" name="testCase1" time="0.018"/>
  <testcase classname="Annotations.ParamWithExcel" name="testCase1" time="0.008"/>
  <testcase classname="Annotations.ParamWithExcel" name="testCase1" time="0.033"/>
</testsuite> <!-- Default test -->
