<?xml version="1.0" encoding="UTF-8"?>
<!-- Generated by org.testng.reporters.JUnitXMLReporter -->
<testsuite ignored="4" hostname="KOUSTUBH" failures="0" tests="3" name="Test" time="76.964" errors="0" timestamp="2022-04-08T17:02:13 IST">
  <testcase classname="com.testCase.Test1" name="testCase1" time="23.376"/>
  <testcase classname="com.testCase.Test2" name="testCase2" time="27.117"/>
  <testcase classname="com.testCase.Test3" name="testCase3" time="26.355"/>
  <testcase classname="com.testBase.TestBase" name="@AfterSuite CloseBrowser" time="0.0">
    <ignored/>
  </testcase> <!-- @AfterSuite CloseBrowser -->
  <testcase classname="com.testBase.TestBase" name="@AfterSuite CloseBrowser" time="0.0">
    <ignored/>
  </testcase> <!-- @AfterSuite CloseBrowser -->
  <testcase classname="com.testBase.TestBase" name="@BeforeSuite OpenBrowser" time="0.0">
    <ignored/>
  </testcase> <!-- @BeforeSuite OpenBrowser -->
  <testcase classname="com.testBase.TestBase" name="@BeforeSuite OpenBrowser" time="0.0">
    <ignored/>
  </testcase> <!-- @BeforeSuite OpenBrowser -->
</testsuite> <!-- Test -->
