<?xml version="1.0" encoding="UTF-8"?>
<testng-results ignored="4" total="7" passed="3" failed="0" skipped="0">
  <reporter-output>
  </reporter-output>
  <suite started-at="2022-04-08T17:00:56 IST" name="Suite" finished-at="2022-04-08T17:02:13 IST" duration-ms="76964">
    <groups>
    </groups>
    <test started-at="2022-04-08T17:00:56 IST" name="Test" finished-at="2022-04-08T17:02:13 IST" duration-ms="76964">
      <class name="com.testCase.Test3">
        <test-method signature="testCase3()[pri:0, instance:com.testCase.Test3@659499f1]" started-at="2022-04-08T17:01:46 IST" name="testCase3" finished-at="2022-04-08T17:02:13 IST" duration-ms="26355" status="PASS">
          <reporter-output>
          </reporter-output>
        </test-method> <!-- testCase3 -->
      </class> <!-- com.testCase.Test3 -->
      <class name="com.testCase.Test1">
        <test-method is-config="true" signature="OpenBrowser()[pri:0, instance:com.testCase.Test1@1e1a0406]" started-at="2022-04-08T17:00:41 IST" name="OpenBrowser" finished-at="2022-04-08T17:00:56 IST" duration-ms="14561" status="PASS">
          <reporter-output>
          </reporter-output>
        </test-method> <!-- OpenBrowser -->
        <test-method signature="testCase1()[pri:0, instance:com.testCase.Test1@1e1a0406]" started-at="2022-04-08T17:00:56 IST" name="testCase1" finished-at="2022-04-08T17:01:19 IST" duration-ms="23376" status="PASS">
          <reporter-output>
          </reporter-output>
        </test-method> <!-- testCase1 -->
        <test-method is-config="true" signature="CloseBrowser()[pri:0, instance:com.testCase.Test1@1e1a0406]" started-at="2022-04-08T17:02:13 IST" name="CloseBrowser" finished-at="2022-04-08T17:02:14 IST" duration-ms="813" status="PASS">
          <reporter-output>
          </reporter-output>
        </test-method> <!-- CloseBrowser -->
      </class> <!-- com.testCase.Test1 -->
      <class name="com.testCase.Test2">
        <test-method signature="testCase2()[pri:0, instance:com.testCase.Test2@82de64a]" started-at="2022-04-08T17:01:19 IST" name="testCase2" finished-at="2022-04-08T17:01:46 IST" duration-ms="27117" status="PASS">
          <reporter-output>
          </reporter-output>
        </test-method> <!-- testCase2 -->
      </class> <!-- com.testCase.Test2 -->
    </test> <!-- Test -->
  </suite> <!-- Suite -->
</testng-results>
