<?xml version="1.0" encoding="UTF-8"?>
<!-- Generated by org.testng.reporters.JUnitXMLReporter -->
<testsuite ignored="0" hostname="KOUSTUBH" failures="0" tests="3" name="Test" time="102.803" errors="0" timestamp="2022-04-07T12:09:29 IST">
  <testcase classname="testCasesForAmazon.Test2" name="workWithBrowser" time="59.533"/>
  <testcase classname="testCasesForAmazon.Test1" name="workWithBrowser" time="63.125"/>
  <testcase classname="testCasesForAmazon.Test3" name="workWithBrowser" time="43.16"/>
</testsuite> <!-- Test -->
