<?xml version="1.0" encoding="UTF-8"?>
<testng-results ignored="0" total="14" passed="14" failed="0" skipped="0">
  <reporter-output>
  </reporter-output>
  <suite started-at="2022-04-12T12:09:59 IST" name="Default suite" finished-at="2022-04-12T12:10:02 IST" duration-ms="3391">
    <groups>
    </groups>
    <test started-at="2022-04-12T12:09:59 IST" name="Default test" finished-at="2022-04-12T12:10:02 IST" duration-ms="3391">
      <class name="Annotations.ParamWithExcel">
        <test-method signature="testCase1(java.lang.String,java.lang.String)[pri:0, instance:Annotations.ParamWithExcel@169e6180]" started-at="2022-04-12T12:10:02 IST" name="testCase1" data-provider="getdata" finished-at="2022-04-12T12:10:02 IST" duration-ms="42" status="PASS">
          <params>
            <param index="0">
              <value>
                <![CDATA[Name2]]>
              </value>
            </param>
            <param index="1">
              <value>
                <![CDATA[Password2]]>
              </value>
            </param>
          </params>
          <reporter-output>
          </reporter-output>
        </test-method> <!-- testCase1 -->
        <test-method signature="testCase1(java.lang.String,java.lang.String)[pri:0, instance:Annotations.ParamWithExcel@169e6180]" started-at="2022-04-12T12:10:02 IST" name="testCase1" data-provider="getdata" finished-at="2022-04-12T12:10:02 IST" duration-ms="19" status="PASS">
          <params>
            <param index="0">
              <value>
                <![CDATA[Name3]]>
              </value>
            </param>
            <param index="1">
              <value>
                <![CDATA[Password3]]>
              </value>
            </param>
          </params>
          <reporter-output>
          </reporter-output>
        </test-method> <!-- testCase1 -->
        <test-method signature="testCase1(java.lang.String,java.lang.String)[pri:0, instance:Annotations.ParamWithExcel@169e6180]" started-at="2022-04-12T12:10:02 IST" name="testCase1" data-provider="getdata" finished-at="2022-04-12T12:10:02 IST" duration-ms="52" status="PASS">
          <params>
            <param index="0">
              <value>
                <![CDATA[Name4]]>
              </value>
            </param>
            <param index="1">
              <value>
                <![CDATA[Password4]]>
              </value>
            </param>
          </params>
          <reporter-output>
          </reporter-output>
        </test-method> <!-- testCase1 -->
        <test-method signature="testCase1(java.lang.String,java.lang.String)[pri:0, instance:Annotations.ParamWithExcel@169e6180]" started-at="2022-04-12T12:10:02 IST" name="testCase1" data-provider="getdata" finished-at="2022-04-12T12:10:02 IST" duration-ms="19" status="PASS">
          <params>
            <param index="0">
              <value>
                <![CDATA[Name5]]>
              </value>
            </param>
            <param index="1">
              <value>
                <![CDATA[Password5]]>
              </value>
            </param>
          </params>
          <reporter-output>
          </reporter-output>
        </test-method> <!-- testCase1 -->
        <test-method signature="testCase1(java.lang.String,java.lang.String)[pri:0, instance:Annotations.ParamWithExcel@169e6180]" started-at="2022-04-12T12:10:02 IST" name="testCase1" data-provider="getdata" finished-at="2022-04-12T12:10:02 IST" duration-ms="31" status="PASS">
          <params>
            <param index="0">
              <value>
                <![CDATA[Name6]]>
              </value>
            </param>
            <param index="1">
              <value>
                <![CDATA[Password6]]>
              </value>
            </param>
          </params>
          <reporter-output>
          </reporter-output>
        </test-method> <!-- testCase1 -->
        <test-method signature="testCase1(java.lang.String,java.lang.String)[pri:0, instance:Annotations.ParamWithExcel@169e6180]" started-at="2022-04-12T12:10:02 IST" name="testCase1" data-provider="getdata" finished-at="2022-04-12T12:10:02 IST" duration-ms="32" status="PASS">
          <params>
            <param index="0">
              <value>
                <![CDATA[Name7]]>
              </value>
            </param>
            <param index="1">
              <value>
                <![CDATA[Password7]]>
              </value>
            </param>
          </params>
          <reporter-output>
          </reporter-output>
        </test-method> <!-- testCase1 -->
        <test-method signature="testCase1(java.lang.String,java.lang.String)[pri:0, instance:Annotations.ParamWithExcel@169e6180]" started-at="2022-04-12T12:10:02 IST" name="testCase1" data-provider="getdata" finished-at="2022-04-12T12:10:02 IST" duration-ms="25" status="PASS">
          <params>
            <param index="0">
              <value>
                <![CDATA[Name8]]>
              </value>
            </param>
            <param index="1">
              <value>
                <![CDATA[Password8]]>
              </value>
            </param>
          </params>
          <reporter-output>
          </reporter-output>
        </test-method> <!-- testCase1 -->
        <test-method signature="testCase1(java.lang.String,java.lang.String)[pri:0, instance:Annotations.ParamWithExcel@169e6180]" started-at="2022-04-12T12:10:02 IST" name="testCase1" data-provider="getdata" finished-at="2022-04-12T12:10:02 IST" duration-ms="12" status="PASS">
          <params>
            <param index="0">
              <value>
                <![CDATA[Name9]]>
              </value>
            </param>
            <param index="1">
              <value>
                <![CDATA[Password9]]>
              </value>
            </param>
          </params>
          <reporter-output>
          </reporter-output>
        </test-method> <!-- testCase1 -->
        <test-method signature="testCase1(java.lang.String,java.lang.String)[pri:0, instance:Annotations.ParamWithExcel@169e6180]" started-at="2022-04-12T12:10:02 IST" name="testCase1" data-provider="getdata" finished-at="2022-04-12T12:10:02 IST" duration-ms="21" status="PASS">
          <params>
            <param index="0">
              <value>
                <![CDATA[Name10]]>
              </value>
            </param>
            <param index="1">
              <value>
                <![CDATA[Password10]]>
              </value>
            </param>
          </params>
          <reporter-output>
          </reporter-output>
        </test-method> <!-- testCase1 -->
        <test-method signature="testCase1(java.lang.String,java.lang.String)[pri:0, instance:Annotations.ParamWithExcel@169e6180]" started-at="2022-04-12T12:10:02 IST" name="testCase1" data-provider="getdata" finished-at="2022-04-12T12:10:02 IST" duration-ms="10" status="PASS">
          <params>
            <param index="0">
              <value>
                <![CDATA[Name11]]>
              </value>
            </param>
            <param index="1">
              <value>
                <![CDATA[Password11]]>
              </value>
            </param>
          </params>
          <reporter-output>
          </reporter-output>
        </test-method> <!-- testCase1 -->
        <test-method signature="testCase1(java.lang.String,java.lang.String)[pri:0, instance:Annotations.ParamWithExcel@169e6180]" started-at="2022-04-12T12:10:02 IST" name="testCase1" data-provider="getdata" finished-at="2022-04-12T12:10:02 IST" duration-ms="23" status="PASS">
          <params>
            <param index="0">
              <value>
                <![CDATA[Name12]]>
              </value>
            </param>
            <param index="1">
              <value>
                <![CDATA[Password12]]>
              </value>
            </param>
          </params>
          <reporter-output>
          </reporter-output>
        </test-method> <!-- testCase1 -->
        <test-method signature="testCase1(java.lang.String,java.lang.String)[pri:0, instance:Annotations.ParamWithExcel@169e6180]" started-at="2022-04-12T12:10:02 IST" name="testCase1" data-provider="getdata" finished-at="2022-04-12T12:10:02 IST" duration-ms="18" status="PASS">
          <params>
            <param index="0">
              <value>
                <![CDATA[Name13]]>
              </value>
            </param>
            <param index="1">
              <value>
                <![CDATA[Password13]]>
              </value>
            </param>
          </params>
          <reporter-output>
          </reporter-output>
        </test-method> <!-- testCase1 -->
        <test-method signature="testCase1(java.lang.String,java.lang.String)[pri:0, instance:Annotations.ParamWithExcel@169e6180]" started-at="2022-04-12T12:10:02 IST" name="testCase1" data-provider="getdata" finished-at="2022-04-12T12:10:02 IST" duration-ms="8" status="PASS">
          <params>
            <param index="0">
              <value>
                <![CDATA[Name14]]>
              </value>
            </param>
            <param index="1">
              <value>
                <![CDATA[Password14]]>
              </value>
            </param>
          </params>
          <reporter-output>
          </reporter-output>
        </test-method> <!-- testCase1 -->
        <test-method signature="testCase1(java.lang.String,java.lang.String)[pri:0, instance:Annotations.ParamWithExcel@169e6180]" started-at="2022-04-12T12:10:02 IST" name="testCase1" data-provider="getdata" finished-at="2022-04-12T12:10:02 IST" duration-ms="33" status="PASS">
          <params>
            <param index="0">
              <value>
                <![CDATA[Name15]]>
              </value>
            </param>
            <param index="1">
              <value>
                <![CDATA[Password15]]>
              </value>
            </param>
          </params>
          <reporter-output>
          </reporter-output>
        </test-method> <!-- testCase1 -->
      </class> <!-- Annotations.ParamWithExcel -->
    </test> <!-- Default test -->
  </suite> <!-- Default suite -->
</testng-results>
